<?xml version="1.0" encoding="UTF-8"?>
<!-- Generated by org.testng.reporters.JUnitReportReporter -->
<testsuite hostname="Chriss-MacBook-Pro.local" failures="0" tests="5" name="com.qa.tests.HomePageTest" time="18.106" errors="0" timestamp="2020-05-31T16:46:01 EDT" skipped="1">
  <testcase classname="com.qa.tests.HomePageTest" name="verifyHomePageLogoTest" time="4.686"/>
  <testcase classname="com.qa.tests.HomePageTest" name="validateHomePageTitleTest" time="3.518"/>
  <testcase classname="com.qa.tests.HomePageTest" name="validateAtmBranchTabTest" time="5.241"/>
  <testcase classname="com.qa.tests.HomePageTest" name="verifySearchTest" time="4.661"/>
  <testcase classname="com.qa.tests.HomePageTest" name="verifyEspanolTabTest">
    <skipped/>
  </testcase> <!-- verifyEspanolTabTest -->
</testsuite> <!-- com.qa.tests.HomePageTest -->
