<?xml version="1.0" encoding="UTF-8"?>
<!-- Generated by org.testng.reporters.JUnitReportReporter -->
<testsuite hostname="Chriss-MacBook-Pro.local" failures="0" tests="2" name="com.qa.tests.AtmBranchPageTest" time="13.729" errors="0" timestamp="2020-05-21T12:50:57 EDT" skipped="0">
  <testcase classname="com.qa.tests.AtmBranchPageTest" name="verifyAtmBranchPageTitleTest" time="5.998"/>
  <testcase classname="com.qa.tests.AtmBranchPageTest" name="validateSearchForAtmNearYou" time="7.731"/>
</testsuite> <!-- com.qa.tests.AtmBranchPageTest -->
