<?xml version="1.0" encoding="UTF-8"?>
<!-- Generated by org.testng.reporters.JUnitReportReporter -->
<testsuite hostname="Chriss-MacBook-Pro.local" failures="0" tests="2" name="com.qa.tests.AtmBranchPageTest" time="12.395" errors="0" timestamp="2020-05-31T16:46:01 EDT" skipped="0">
  <testcase classname="com.qa.tests.AtmBranchPageTest" name="validateSearchForAtmNearYou" time="7.373"/>
  <testcase classname="com.qa.tests.AtmBranchPageTest" name="verifyAtmBranchPageTitleTest" time="5.022"/>
</testsuite> <!-- com.qa.tests.AtmBranchPageTest -->
